<?xml version="1.0" encoding="UTF-8"?>
<!-- Generated by org.testng.reporters.JUnitXMLReporter -->
<testsuite ignored="0" hostname="DESKTOP-G0OK52U" failures="2" tests="2" name="TCS_TestReport" time="0.1" errors="0" timestamp="2022-04-22T16:22:53 IST">
  <testcase classname="questionExample.AmazonSearchTest" name="@BeforeTest launchApp" time="0.006">
    <failure type="java.lang.Error" message="Unresolved compilation problems: 
	The method chromedriver() is undefined for the type WebDriverManager
	The method getClass() in the type Object is not applicable for the arguments (String)
	The method manage() is undefined for the type WebDriver
">
      <![CDATA[java.lang.Error: Unresolved compilation problems: 
The method chromedriver() is undefined for the type WebDriverManager
The method getClass() in the type Object is not applicable for the arguments (String)
The method manage() is undefined for the type WebDriver

at questionExample.AmazonSearchTest.launchApp(AmazonSearchTest.java:20)
... Removed 24 stack frames]]>
    </failure>
  </testcase> <!-- @BeforeTest launchApp -->
  <testcase classname="questionExample.GoogleSearchTest" name="@BeforeTest launchApp" time="-1.650624773146E9">
    <skipped/>
  </testcase> <!-- @BeforeTest launchApp -->
  <testcase classname="questionExample.AmazonSearchTest" name="@AfterTest closeApp" time="-1.650624773213E9">
    <skipped/>
  </testcase> <!-- @AfterTest closeApp -->
  <testcase classname="questionExample.GoogleSearchTest" name="@AfterTest closeApp" time="-1.650624773215E9">
    <skipped/>
  </testcase> <!-- @AfterTest closeApp -->
  <testcase classname="questionExample.GoogleSearchTest" name="SearchItems" time="0.0">
    <failure type="org.testng.TestNGException" message="
Cannot inject @Test annotated Method [SearchItems] with [class java.lang.Object].
For more information on native dependency injection please refer to https://testng.org/doc/documentation-main.html#native-dependency-injection">
      <![CDATA[org.testng.TestNGException: 
Cannot inject @Test annotated Method [SearchItems] with [class java.lang.Object].
For more information on native dependency injection please refer to https://testng.org/doc/documentation-main.html#native-dependency-injection
at java.base/java.util.ArrayList.forEach(ArrayList.java:1511)
... Removed 26 stack frames]]>
    </failure>
  </testcase> <!-- SearchItems -->
  <testcase classname="questionExample.AmazonSearchTest" name="SearchItems" time="0.0">
    <failure type="org.testng.TestNGException" message="
Cannot inject @Test annotated Method [SearchItems] with [class java.lang.Object].
For more information on native dependency injection please refer to https://testng.org/doc/documentation-main.html#native-dependency-injection">
      <![CDATA[org.testng.TestNGException: 
Cannot inject @Test annotated Method [SearchItems] with [class java.lang.Object].
For more information on native dependency injection please refer to https://testng.org/doc/documentation-main.html#native-dependency-injection
at java.base/java.util.ArrayList.forEach(ArrayList.java:1511)
... Removed 26 stack frames]]>
    </failure>
  </testcase> <!-- SearchItems -->
</testsuite> <!-- TCS_TestReport -->
