<!DOCTYPE html PUBLIC "-//W3C//DTD XHTML 1.1//EN" "https://www.w3.org/TR/xhtml11/DTD/xhtml11.dtd">
<html xmlns="https://www.w3.org/1999/xhtml">
<head>
<meta http-equiv="content-type" content="text/html; charset=UTF-8"/>
<title>TestNG Report</title>
<style type="text/css">table {margin-bottom:10px;border-collapse:collapse;empty-cells:show}th,td {border:1px solid #009;padding:.25em .5em}th {vertical-align:bottom}td {vertical-align:top}table a {font-weight:bold}.stripe td {background-color: #E6EBF9}.num {text-align:right}.passedodd td {background-color: #3F3}.passedeven td {background-color: #0A0}.skippedodd td {background-color: #DDD}.skippedeven td {background-color: #CCC}.failedodd td,.attn {background-color: #F33}.failedeven td,.stripe .attn {background-color: #D00}.stacktrace {white-space:pre;font-family:monospace}.totop {font-size:85%;text-align:center;border-bottom:2px solid #000}.invisible {display:none}</style>
</head>
<body>
<table>
<tr><th>Test</th><th># Passed</th><th># Skipped</th><th># Retried</th><th># Failed</th><th>Time (ms)</th><th>Included Groups</th><th>Excluded Groups</th></tr>
<tr><th colspan="8">Suite</th></tr>
<tr><td><a href="#t0">TCS_TestReport_AmazonSearchTest</a></td><td class="num">0</td><td class="num">0</td><td class="num">0</td><td class="num attn">1</td><td class="num">82</td><td></td><td></td></tr>
<tr class="stripe"><td><a href="#t1">TCS_TestReport_GoogleSearchTest</a></td><td class="num">0</td><td class="num">0</td><td class="num">0</td><td class="num attn">1</td><td class="num">112</td><td></td><td></td></tr>
<tr><th>Total</th><th class="num">0</th><th class="num">0</th><th class="num">0</th><th class="num attn">2</th><th class="num">194</th><th colspan="2"></th></tr>
</table>
<table id='summary'><thead><tr><th>Class</th><th>Method</th><th>Start</th><th>Time (ms)</th></tr></thead><tbody><tr><th colspan="4">Suite</th></tr></tbody><tbody id="t0"><tr><th colspan="4">TCS_TestReport_AmazonSearchTest &#8212; failed (configuration methods)</th></tr><tr class="failedeven"><td rowspan="1">questionExample.AmazonSearchTest</td><td><a href="#m0">launchApp</a></td><td rowspan="1">1650625426491</td><td rowspan="1">11</td></tr><tr><th colspan="4">TCS_TestReport_AmazonSearchTest &#8212; failed</th></tr><tr class="failedeven"><td rowspan="1">questionExample.AmazonSearchTest</td><td><a href="#m1">SearchItems</a></td><td rowspan="1">1650625426554</td><td rowspan="1">0</td></tr><tr><th colspan="4">TCS_TestReport_AmazonSearchTest &#8212; skipped (configuration methods)</th></tr><tr class="skippedeven"><td rowspan="1">questionExample.AmazonSearchTest</td><td><a href="#m2">closeApp</a></td><td rowspan="1">1650625426567</td><td rowspan="1">-1650625426567</td></tr></tbody>
<tbody id="t1"><tr><th colspan="4">TCS_TestReport_GoogleSearchTest &#8212; failed (configuration methods)</th></tr><tr class="failedeven"><td rowspan="1">questionExample.GoogleSearchTest</td><td><a href="#m3">launchApp</a></td><td rowspan="1">1650625426472</td><td rowspan="1">10</td></tr><tr><th colspan="4">TCS_TestReport_GoogleSearchTest &#8212; failed</th></tr><tr class="failedeven"><td rowspan="1">questionExample.GoogleSearchTest</td><td><a href="#m4">SearchItems</a></td><td rowspan="1">1650625426529</td><td rowspan="1">0</td></tr><tr><th colspan="4">TCS_TestReport_GoogleSearchTest &#8212; skipped (configuration methods)</th></tr><tr class="skippedeven"><td rowspan="1">questionExample.GoogleSearchTest</td><td><a href="#m5">closeApp</a></td><td rowspan="1">1650625426573</td><td rowspan="1">-1650625426573</td></tr></tbody>
</table>
<h2>TCS_TestReport_AmazonSearchTest</h2><h3 id="m0">questionExample.AmazonSearchTest#launchApp</h3><table class="result"><tr><th>Exception</th></tr><tr><td><div class="stacktrace">java.lang.Error: Unresolved compilation problems: 
	The method chromedriver() is undefined for the type WebDriverManager
	The method getClass() in the type Object is not applicable for the arguments (String)
	The method manage() is undefined for the type WebDriver

	at questionExample.AmazonSearchTest.launchApp(AmazonSearchTest.java:20)
	at java.base/java.util.concurrent.FutureTask.run(FutureTask.java:264)
	at java.base/java.util.concurrent.ThreadPoolExecutor.runWorker(ThreadPoolExecutor.java:1136)
	at java.base/java.util.concurrent.ThreadPoolExecutor$Worker.run(ThreadPoolExecutor.java:635)
	at java.base/java.lang.Thread.run(Thread.java:833)
... Removed 15 stack frames</div></td></tr></table><p class="totop"><a href="#summary">back to summary</a></p>
<h3 id="m1">questionExample.AmazonSearchTest#SearchItems</h3><table class="result"><tr><th>Exception</th></tr><tr><td><div class="stacktrace">org.testng.TestNGException: 
Cannot inject @Test annotated Method [SearchItems] with [class java.lang.Object].
For more information on native dependency injection please refer to https://testng.org/doc/documentation-main.html#native-dependency-injection
	at java.base/java.util.ArrayList.forEach(ArrayList.java:1511)
	at java.base/java.util.concurrent.FutureTask.run(FutureTask.java:264)
	at java.base/java.util.concurrent.ThreadPoolExecutor.runWorker(ThreadPoolExecutor.java:1136)
	at java.base/java.util.concurrent.ThreadPoolExecutor$Worker.run(ThreadPoolExecutor.java:635)
	at java.base/java.lang.Thread.run(Thread.java:833)
... Removed 17 stack frames</div></td></tr></table><p class="totop"><a href="#summary">back to summary</a></p>
<h3 id="m2">questionExample.AmazonSearchTest#closeApp</h3><table class="result"><tr><th class="invisible"/></tr></table><p class="totop"><a href="#summary">back to summary</a></p>
<h2>TCS_TestReport_GoogleSearchTest</h2><h3 id="m3">questionExample.GoogleSearchTest#launchApp</h3><table class="result"><tr><th>Exception</th></tr><tr><td><div class="stacktrace">java.lang.Error: Unresolved compilation problems: 
	The method chromedriver() is undefined for the type WebDriverManager
	The method getClass() in the type Object is not applicable for the arguments (String)
	The method manage() is undefined for the type WebDriver

	at questionExample.GoogleSearchTest.launchApp(GoogleSearchTest.java:20)
	at java.base/java.util.concurrent.FutureTask.run(FutureTask.java:264)
	at java.base/java.util.concurrent.ThreadPoolExecutor.runWorker(ThreadPoolExecutor.java:1136)
	at java.base/java.util.concurrent.ThreadPoolExecutor$Worker.run(ThreadPoolExecutor.java:635)
	at java.base/java.lang.Thread.run(Thread.java:833)
... Removed 15 stack frames</div></td></tr></table><p class="totop"><a href="#summary">back to summary</a></p>
<h3 id="m4">questionExample.GoogleSearchTest#SearchItems</h3><table class="result"><tr><th>Exception</th></tr><tr><td><div class="stacktrace">org.testng.TestNGException: 
Cannot inject @Test annotated Method [SearchItems] with [class java.lang.Object].
For more information on native dependency injection please refer to https://testng.org/doc/documentation-main.html#native-dependency-injection
	at java.base/java.util.ArrayList.forEach(ArrayList.java:1511)
	at java.base/java.util.concurrent.FutureTask.run(FutureTask.java:264)
	at java.base/java.util.concurrent.ThreadPoolExecutor.runWorker(ThreadPoolExecutor.java:1136)
	at java.base/java.util.concurrent.ThreadPoolExecutor$Worker.run(ThreadPoolExecutor.java:635)
	at java.base/java.lang.Thread.run(Thread.java:833)
... Removed 17 stack frames</div></td></tr></table><p class="totop"><a href="#summary">back to summary</a></p>
<h3 id="m5">questionExample.GoogleSearchTest#closeApp</h3><table class="result"><tr><th class="invisible"/></tr></table><p class="totop"><a href="#summary">back to summary</a></p>
</body>
</html>
